c:\users\lcv0278187\documents\github\3dgraphics\pix\pix\x64\debug\vc142.pdb
c:\users\lcv0278187\documents\github\3dgraphics\pix\pix\x64\debug\vc142.idb
c:\users\lcv0278187\documents\github\3dgraphics\pix\pix\x64\debug\texteditor.obj
c:\users\lcv0278187\documents\github\3dgraphics\pix\pix\x64\debug\scriptparser.obj
c:\users\lcv0278187\documents\github\3dgraphics\pix\pix\x64\debug\rasterizer.obj
c:\users\lcv0278187\documents\github\3dgraphics\pix\pix\x64\debug\primitivesmanager.obj
c:\users\lcv0278187\documents\github\3dgraphics\pix\pix\x64\debug\pixeditor.obj
c:\users\lcv0278187\documents\github\3dgraphics\pix\pix\x64\debug\mathhelper.obj
c:\users\lcv0278187\documents\github\3dgraphics\pix\pix\x64\debug\graphics.obj
c:\users\lcv0278187\documents\github\3dgraphics\pix\pix\x64\debug\commanddictionary.obj
c:\users\lcv0278187\documents\github\3dgraphics\pix\pix\x64\debug\cmdvarfloat.obj
c:\users\lcv0278187\documents\github\3dgraphics\pix\pix\x64\debug\cmdshowviewport.obj
c:\users\lcv0278187\documents\github\3dgraphics\pix\pix\x64\debug\cmdsetviewport.obj
c:\users\lcv0278187\documents\github\3dgraphics\pix\pix\x64\debug\cmdsetresolution.obj
c:\users\lcv0278187\documents\github\3dgraphics\pix\pix\x64\debug\cmdsetfillmode.obj
c:\users\lcv0278187\documents\github\3dgraphics\pix\pix\x64\debug\cmdsetcolor.obj
c:\users\lcv0278187\documents\github\3dgraphics\pix\pix\x64\debug\cmdsetclipping.obj
c:\users\lcv0278187\documents\github\3dgraphics\pix\pix\x64\debug\cmdenddraw.obj
c:\users\lcv0278187\documents\github\3dgraphics\pix\pix\x64\debug\cmddrawpixel.obj
c:\users\lcv0278187\documents\github\3dgraphics\pix\pix\x64\debug\cmdbegindraw.obj
c:\users\lcv0278187\documents\github\3dgraphics\pix\pix\x64\debug\cmdaddvertex.obj
c:\users\lcv0278187\documents\github\3dgraphics\pix\pix\x64\debug\clipper.obj
c:\users\lcv0278187\documents\github\3dgraphics\pix\pix\x64\debug\winmain.obj
c:\users\lcv0278187\documents\github\3dgraphics\pix\pix\x64\debug\viewport.obj
c:\users\lcv0278187\documents\github\3dgraphics\pix\pix\x64\debug\variablecache.obj
c:\users\chand\onedrive\documents\github\3dgraphics\pix\pix\x64\debug\vc142.pdb
c:\users\chand\onedrive\documents\github\3dgraphics\pix\pix\x64\debug\vc142.idb
c:\users\chand\onedrive\documents\github\3dgraphics\pix\pix\x64\debug\texteditor.obj
c:\users\chand\onedrive\documents\github\3dgraphics\pix\pix\x64\debug\scriptparser.obj
c:\users\chand\onedrive\documents\github\3dgraphics\pix\pix\x64\debug\rasterizer.obj
c:\users\chand\onedrive\documents\github\3dgraphics\pix\pix\x64\debug\primitivesmanager.obj
c:\users\chand\onedrive\documents\github\3dgraphics\pix\pix\x64\debug\pixeditor.obj
c:\users\chand\onedrive\documents\github\3dgraphics\pix\pix\x64\debug\mathhelper.obj
c:\users\chand\onedrive\documents\github\3dgraphics\pix\pix\x64\debug\graphics.obj
c:\users\chand\onedrive\documents\github\3dgraphics\pix\pix\x64\debug\commanddictionary.obj
c:\users\chand\onedrive\documents\github\3dgraphics\pix\pix\x64\debug\cmdvarfloat.obj
c:\users\chand\onedrive\documents\github\3dgraphics\pix\pix\x64\debug\cmdshowviewport.obj
c:\users\chand\onedrive\documents\github\3dgraphics\pix\pix\x64\debug\cmdsetviewport.obj
c:\users\chand\onedrive\documents\github\3dgraphics\pix\pix\x64\debug\cmdsetresolution.obj
c:\users\chand\onedrive\documents\github\3dgraphics\pix\pix\x64\debug\cmdsetfillmode.obj
c:\users\chand\onedrive\documents\github\3dgraphics\pix\pix\x64\debug\cmdsetcolor.obj
c:\users\chand\onedrive\documents\github\3dgraphics\pix\pix\x64\debug\cmdsetclipping.obj
c:\users\chand\onedrive\documents\github\3dgraphics\pix\pix\x64\debug\cmdenddraw.obj
c:\users\chand\onedrive\documents\github\3dgraphics\pix\pix\x64\debug\cmddrawpixel.obj
c:\users\chand\onedrive\documents\github\3dgraphics\pix\pix\x64\debug\cmdbegindraw.obj
c:\users\chand\onedrive\documents\github\3dgraphics\pix\pix\x64\debug\cmdaddvertex.obj
c:\users\chand\onedrive\documents\github\3dgraphics\pix\pix\x64\debug\clipper.obj
c:\users\chand\onedrive\documents\github\3dgraphics\pix\pix\x64\debug\winmain.obj
c:\users\chand\onedrive\documents\github\3dgraphics\pix\pix\x64\debug\viewport.obj
c:\users\chand\onedrive\documents\github\3dgraphics\pix\pix\x64\debug\variablecache.obj
c:\users\lcv0278187\documents\github\3dgraphics\pix\x64\debug\pix.exe
c:\users\lcv0278187\documents\github\3dgraphics\pix\pix\x64\debug\pix.ilk
c:\users\lcv0278187\documents\github\3dgraphics\pix\x64\debug\pix.pdb
c:\users\chand\onedrive\documents\github\3dgraphics\pix\pix\x64\debug\pix.ilk
c:\users\chand\onedrive\documents\github\3dgraphics\pix\x64\debug\pix.exe
c:\users\chand\onedrive\documents\github\3dgraphics\pix\x64\debug\pix.pdb
c:\users\lcv0278187\documents\github\3dgraphics\pix\x64\debug\pix.lib
c:\users\lcv0278187\documents\github\3dgraphics\pix\x64\debug\pix.exp
c:\users\chand\onedrive\documents\github\3dgraphics\pix\x64\debug\pix.lib
c:\users\chand\onedrive\documents\github\3dgraphics\pix\x64\debug\pix.exp
c:\users\chand\onedrive\documents\github\3dgraphics\pix\pix\x64\debug\primitivesmanager.obj.enc
c:\users\chand\onedrive\documents\github\3dgraphics\pix\pix\x64\debug\rasterizer.obj.enc
c:\users\chand\onedrive\documents\github\3dgraphics\pix\pix\x64\debug\pix.tlog\cl.command.1.tlog
c:\users\chand\onedrive\documents\github\3dgraphics\pix\pix\x64\debug\pix.tlog\cl.read.1.tlog
c:\users\chand\onedrive\documents\github\3dgraphics\pix\pix\x64\debug\pix.tlog\cl.write.1.tlog
c:\users\chand\onedrive\documents\github\3dgraphics\pix\pix\x64\debug\pix.tlog\link.command.1.tlog
c:\users\chand\onedrive\documents\github\3dgraphics\pix\pix\x64\debug\pix.tlog\link.read.1.tlog
c:\users\chand\onedrive\documents\github\3dgraphics\pix\pix\x64\debug\pix.tlog\link.write.1.tlog
c:\users\chand\onedrive\documents\github\3dgraphics\pix\pix\x64\debug\pix.tlog\pix.write.1u.tlog
